/*C4*/SET SCHEMA PUBLIC
DISCONNECT
/*C5*/SET SCHEMA PUBLIC
ALTER TABLE PERSON DROP CONSTRAINT FK_PERSON_MANAGER_ID
ALTER TABLE PERSON DROP CONSTRAINT UNQ_PERSON_0
ALTER TABLE PERSONSKILL DROP CONSTRAINT FK_PERSONSKILL_person_fk
ALTER TABLE PERSONSKILL DROP CONSTRAINT FK_PERSONSKILL_skill_fk
ALTER TABLE PERSONSKILL DROP CONSTRAINT UNQ_PERSONSKILL_0
DROP TABLE EMBEDDEDIDPERSON
DROP TABLE PERSON
DROP TABLE PERSONSKILL
DROP TABLE SKILL
CREATE TABLE EMBEDDEDIDPERSON (DATEOFBIRTH DATE, VERSION BIGINT, POSTOFFICE VARCHAR(255), POSTALCODE VARCHAR(255), STREET VARCHAR(255), FIRSTNAME VARCHAR(255) NOT NULL, LASTNAME VARCHAR(255) NOT NULL, PRIMARY KEY (FIRSTNAME, LASTNAME))
CREATE TABLE PERSON (ID BIGINT NOT NULL, DATEOFBIRTH DATE, FIRSTNAME VARCHAR(255), LASTNAME VARCHAR(255), MALE BOOLEAN, PRIMITIVEDOUBLE REAL, VERSION BIGINT, POSTOFFICE VARCHAR(255), POSTALCODE VARCHAR(255), STREET VARCHAR(255), MANAGER_ID BIGINT, PRIMARY KEY (ID))
CREATE TABLE PERSONSKILL (ID BIGINT NOT NULL, LEVEL INTEGER, VERSION BIGINT, person_fk BIGINT NOT NULL, skill_fk BIGINT NOT NULL, PRIMARY KEY (ID))
CREATE TABLE SKILL (ID BIGINT NOT NULL, SKILLNAME VARCHAR(255), VERSION BIGINT, PRIMARY KEY (ID))
ALTER TABLE PERSON ADD CONSTRAINT UNQ_PERSON_0 UNIQUE (lastName, firstName)
ALTER TABLE PERSONSKILL ADD CONSTRAINT UNQ_PERSONSKILL_0 UNIQUE (person_fk, skill_fk)
ALTER TABLE SKILL ADD CONSTRAINT UNQ_SKILL_1 UNIQUE (SKILLNAME)
ALTER TABLE PERSON ADD CONSTRAINT FK_PERSON_MANAGER_ID FOREIGN KEY (MANAGER_ID) REFERENCES PERSON (ID)
ALTER TABLE PERSONSKILL ADD CONSTRAINT FK_PERSONSKILL_person_fk FOREIGN KEY (person_fk) REFERENCES PERSON (ID)
ALTER TABLE PERSONSKILL ADD CONSTRAINT FK_PERSONSKILL_skill_fk FOREIGN KEY (skill_fk) REFERENCES SKILL (ID)
DELETE FROM SEQUENCE WHERE SEQ_NAME='SEQ_GEN'
COMMIT
INSERT INTO SEQUENCE VALUES('SEQ_GEN',0)
COMMIT
DELETE FROM SEQUENCE WHERE SEQ_NAME='SEQ_GEN'
INSERT INTO SEQUENCE VALUES('SEQ_GEN',50)
COMMIT
INSERT INTO SKILL VALUES(33,'Skill 32',1)
INSERT INTO SKILL VALUES(28,'Skill 27',1)
INSERT INTO SKILL VALUES(1,'Skill 0',1)
INSERT INTO SKILL VALUES(45,'Skill 44',1)
INSERT INTO SKILL VALUES(11,'Skill 10',1)
INSERT INTO SKILL VALUES(41,'Skill 40',1)
INSERT INTO SKILL VALUES(22,'Skill 21',1)
INSERT INTO SKILL VALUES(32,'Skill 31',1)
INSERT INTO SKILL VALUES(29,'Skill 28',1)
INSERT INTO SKILL VALUES(19,'Skill 18',1)
INSERT INTO SKILL VALUES(14,'Skill 13',1)
INSERT INTO SKILL VALUES(46,'Skill 45',1)
INSERT INTO SKILL VALUES(47,'Skill 46',1)
INSERT INTO SKILL VALUES(6,'Skill 5',1)
INSERT INTO SKILL VALUES(42,'Skill 41',1)
INSERT INTO SKILL VALUES(15,'Skill 14',1)
INSERT INTO SKILL VALUES(27,'Skill 26',1)
INSERT INTO SKILL VALUES(48,'Skill 47',1)
INSERT INTO SKILL VALUES(20,'Skill 19',1)
INSERT INTO SKILL VALUES(35,'Skill 34',1)
INSERT INTO SKILL VALUES(40,'Skill 39',1)
INSERT INTO SKILL VALUES(16,'Skill 15',1)
INSERT INTO SKILL VALUES(36,'Skill 35',1)
INSERT INTO SKILL VALUES(7,'Skill 6',1)
INSERT INTO SKILL VALUES(43,'Skill 42',1)
INSERT INTO SKILL VALUES(39,'Skill 38',1)
INSERT INTO SKILL VALUES(24,'Skill 23',1)
INSERT INTO SKILL VALUES(25,'Skill 24',1)
INSERT INTO SKILL VALUES(23,'Skill 22',1)
INSERT INTO SKILL VALUES(49,'Skill 48',1)
INSERT INTO SKILL VALUES(17,'Skill 16',1)
INSERT INTO SKILL VALUES(8,'Skill 7',1)
INSERT INTO SKILL VALUES(12,'Skill 11',1)
INSERT INTO SKILL VALUES(18,'Skill 17',1)
INSERT INTO SKILL VALUES(37,'Skill 36',1)
INSERT INTO SKILL VALUES(38,'Skill 37',1)
INSERT INTO SKILL VALUES(44,'Skill 43',1)
INSERT INTO SKILL VALUES(4,'Skill 3',1)
INSERT INTO SKILL VALUES(2,'Skill 1',1)
INSERT INTO SKILL VALUES(30,'Skill 29',1)
INSERT INTO SKILL VALUES(31,'Skill 30',1)
INSERT INTO SKILL VALUES(34,'Skill 33',1)
INSERT INTO SKILL VALUES(26,'Skill 25',1)
INSERT INTO SKILL VALUES(3,'Skill 2',1)
INSERT INTO SKILL VALUES(21,'Skill 20',1)
INSERT INTO SKILL VALUES(9,'Skill 8',1)
INSERT INTO SKILL VALUES(50,'Skill 49',1)
INSERT INTO SKILL VALUES(13,'Skill 12',1)
INSERT INTO SKILL VALUES(10,'Skill 9',1)
INSERT INTO SKILL VALUES(5,'Skill 4',1)
COMMIT
DELETE FROM SKILL WHERE ID=1
DELETE FROM SKILL WHERE ID=2
DELETE FROM SKILL WHERE ID=3
DELETE FROM SKILL WHERE ID=4
DELETE FROM SKILL WHERE ID=5
DELETE FROM SKILL WHERE ID=6
DELETE FROM SKILL WHERE ID=7
DELETE FROM SKILL WHERE ID=8
DELETE FROM SKILL WHERE ID=9
DELETE FROM SKILL WHERE ID=10
DELETE FROM SKILL WHERE ID=11
DELETE FROM SKILL WHERE ID=12
DELETE FROM SKILL WHERE ID=13
DELETE FROM SKILL WHERE ID=14
DELETE FROM SKILL WHERE ID=15
DELETE FROM SKILL WHERE ID=16
DELETE FROM SKILL WHERE ID=17
DELETE FROM SKILL WHERE ID=18
DELETE FROM SKILL WHERE ID=19
DELETE FROM SKILL WHERE ID=20
DELETE FROM SKILL WHERE ID=21
DELETE FROM SKILL WHERE ID=22
DELETE FROM SKILL WHERE ID=23
DELETE FROM SKILL WHERE ID=24
DELETE FROM SKILL WHERE ID=25
DELETE FROM SKILL WHERE ID=26
DELETE FROM SKILL WHERE ID=27
DELETE FROM SKILL WHERE ID=28
DELETE FROM SKILL WHERE ID=29
DELETE FROM SKILL WHERE ID=30
DELETE FROM SKILL WHERE ID=31
DELETE FROM SKILL WHERE ID=32
DELETE FROM SKILL WHERE ID=33
DELETE FROM SKILL WHERE ID=34
DELETE FROM SKILL WHERE ID=35
DELETE FROM SKILL WHERE ID=36
DELETE FROM SKILL WHERE ID=37
DELETE FROM SKILL WHERE ID=38
DELETE FROM SKILL WHERE ID=39
DELETE FROM SKILL WHERE ID=40
DELETE FROM SKILL WHERE ID=41
DELETE FROM SKILL WHERE ID=42
DELETE FROM SKILL WHERE ID=43
DELETE FROM SKILL WHERE ID=44
DELETE FROM SKILL WHERE ID=45
DELETE FROM SKILL WHERE ID=46
DELETE FROM SKILL WHERE ID=47
DELETE FROM SKILL WHERE ID=48
DELETE FROM SKILL WHERE ID=49
DELETE FROM SKILL WHERE ID=50
COMMIT
DELETE FROM SEQUENCE WHERE SEQ_NAME='SEQ_GEN'
INSERT INTO SEQUENCE VALUES('SEQ_GEN',100)
COMMIT
INSERT INTO SKILL VALUES(70,'Skill 19',1)
INSERT INTO SKILL VALUES(100,'Skill 49',1)
INSERT INTO SKILL VALUES(91,'Skill 40',1)
INSERT INTO SKILL VALUES(72,'Skill 21',1)
INSERT INTO SKILL VALUES(61,'Skill 10',1)
INSERT INTO SKILL VALUES(79,'Skill 28',1)
INSERT INTO SKILL VALUES(68,'Skill 17',1)
INSERT INTO SKILL VALUES(55,'Skill 4',1)
INSERT INTO SKILL VALUES(56,'Skill 5',1)
INSERT INTO SKILL VALUES(76,'Skill 25',1)
INSERT INTO SKILL VALUES(57,'Skill 6',1)
INSERT INTO SKILL VALUES(92,'Skill 41',1)
INSERT INTO SKILL VALUES(77,'Skill 26',1)
INSERT INTO SKILL VALUES(53,'Skill 2',1)
INSERT INTO SKILL VALUES(62,'Skill 11',1)
INSERT INTO SKILL VALUES(84,'Skill 33',1)
INSERT INTO SKILL VALUES(63,'Skill 12',1)
INSERT INTO SKILL VALUES(94,'Skill 43',1)
INSERT INTO SKILL VALUES(71,'Skill 20',1)
INSERT INTO SKILL VALUES(65,'Skill 14',1)
INSERT INTO SKILL VALUES(60,'Skill 9',1)
INSERT INTO SKILL VALUES(59,'Skill 8',1)
INSERT INTO SKILL VALUES(97,'Skill 46',1)
INSERT INTO SKILL VALUES(96,'Skill 45',1)
INSERT INTO SKILL VALUES(86,'Skill 35',1)
INSERT INTO SKILL VALUES(98,'Skill 47',1)
INSERT INTO SKILL VALUES(51,'Skill 0',1)
INSERT INTO SKILL VALUES(67,'Skill 16',1)
INSERT INTO SKILL VALUES(80,'Skill 29',1)
INSERT INTO SKILL VALUES(58,'Skill 7',1)
INSERT INTO SKILL VALUES(75,'Skill 24',1)
INSERT INTO SKILL VALUES(73,'Skill 22',1)
INSERT INTO SKILL VALUES(99,'Skill 48',1)
INSERT INTO SKILL VALUES(83,'Skill 32',1)
INSERT INTO SKILL VALUES(78,'Skill 27',1)
INSERT INTO SKILL VALUES(64,'Skill 13',1)
INSERT INTO SKILL VALUES(88,'Skill 37',1)
INSERT INTO SKILL VALUES(54,'Skill 3',1)
INSERT INTO SKILL VALUES(90,'Skill 39',1)
INSERT INTO SKILL VALUES(74,'Skill 23',1)
INSERT INTO SKILL VALUES(52,'Skill 1',1)
INSERT INTO SKILL VALUES(89,'Skill 38',1)
INSERT INTO SKILL VALUES(81,'Skill 30',1)
INSERT INTO SKILL VALUES(93,'Skill 42',1)
INSERT INTO SKILL VALUES(66,'Skill 15',1)
INSERT INTO SKILL VALUES(87,'Skill 36',1)
INSERT INTO SKILL VALUES(95,'Skill 44',1)
INSERT INTO SKILL VALUES(69,'Skill 18',1)
INSERT INTO SKILL VALUES(82,'Skill 31',1)
INSERT INTO SKILL VALUES(85,'Skill 34',1)
COMMIT
DELETE FROM SKILL WHERE ID=51
DELETE FROM SKILL WHERE ID=52
DELETE FROM SKILL WHERE ID=53
DELETE FROM SKILL WHERE ID=54
DELETE FROM SKILL WHERE ID=55
DELETE FROM SKILL WHERE ID=56
DELETE FROM SKILL WHERE ID=57
DELETE FROM SKILL WHERE ID=58
DELETE FROM SKILL WHERE ID=59
DELETE FROM SKILL WHERE ID=60
DELETE FROM SKILL WHERE ID=61
DELETE FROM SKILL WHERE ID=62
DELETE FROM SKILL WHERE ID=63
DELETE FROM SKILL WHERE ID=64
DELETE FROM SKILL WHERE ID=65
DELETE FROM SKILL WHERE ID=66
DELETE FROM SKILL WHERE ID=67
DELETE FROM SKILL WHERE ID=68
DELETE FROM SKILL WHERE ID=69
DELETE FROM SKILL WHERE ID=70
DELETE FROM SKILL WHERE ID=71
DELETE FROM SKILL WHERE ID=72
DELETE FROM SKILL WHERE ID=73
DELETE FROM SKILL WHERE ID=74
DELETE FROM SKILL WHERE ID=75
DELETE FROM SKILL WHERE ID=76
DELETE FROM SKILL WHERE ID=77
DELETE FROM SKILL WHERE ID=78
DELETE FROM SKILL WHERE ID=79
DELETE FROM SKILL WHERE ID=80
DELETE FROM SKILL WHERE ID=81
DELETE FROM SKILL WHERE ID=82
DELETE FROM SKILL WHERE ID=83
DELETE FROM SKILL WHERE ID=84
DELETE FROM SKILL WHERE ID=85
DELETE FROM SKILL WHERE ID=86
DELETE FROM SKILL WHERE ID=87
DELETE FROM SKILL WHERE ID=88
DELETE FROM SKILL WHERE ID=89
DELETE FROM SKILL WHERE ID=90
DELETE FROM SKILL WHERE ID=91
DELETE FROM SKILL WHERE ID=92
DELETE FROM SKILL WHERE ID=93
DELETE FROM SKILL WHERE ID=94
DELETE FROM SKILL WHERE ID=95
DELETE FROM SKILL WHERE ID=96
DELETE FROM SKILL WHERE ID=97
DELETE FROM SKILL WHERE ID=98
DELETE FROM SKILL WHERE ID=99
DELETE FROM SKILL WHERE ID=100
COMMIT
DELETE FROM SEQUENCE WHERE SEQ_NAME='SEQ_GEN'
INSERT INTO SEQUENCE VALUES('SEQ_GEN',150)
COMMIT
INSERT INTO SKILL VALUES(149,'Skill 48',1)
INSERT INTO SKILL VALUES(141,'Skill 40',1)
INSERT INTO SKILL VALUES(121,'Skill 20',1)
INSERT INTO SKILL VALUES(116,'Skill 15',1)
INSERT INTO SKILL VALUES(123,'Skill 22',1)
INSERT INTO SKILL VALUES(138,'Skill 37',1)
INSERT INTO SKILL VALUES(136,'Skill 35',1)
INSERT INTO SKILL VALUES(129,'Skill 28',1)
INSERT INTO SKILL VALUES(107,'Skill 6',1)
INSERT INTO SKILL VALUES(130,'Skill 29',1)
INSERT INTO SKILL VALUES(122,'Skill 21',1)
INSERT INTO SKILL VALUES(124,'Skill 23',1)
INSERT INTO SKILL VALUES(114,'Skill 13',1)
INSERT INTO SKILL VALUES(134,'Skill 33',1)
INSERT INTO SKILL VALUES(102,'Skill 1',1)
INSERT INTO SKILL VALUES(125,'Skill 24',1)
INSERT INTO SKILL VALUES(113,'Skill 12',1)
INSERT INTO SKILL VALUES(110,'Skill 9',1)
INSERT INTO SKILL VALUES(133,'Skill 32',1)
INSERT INTO SKILL VALUES(150,'Skill 49',1)
INSERT INTO SKILL VALUES(140,'Skill 39',1)
INSERT INTO SKILL VALUES(139,'Skill 38',1)
INSERT INTO SKILL VALUES(103,'Skill 2',1)
INSERT INTO SKILL VALUES(132,'Skill 31',1)
INSERT INTO SKILL VALUES(145,'Skill 44',1)
INSERT INTO SKILL VALUES(105,'Skill 4',1)
INSERT INTO SKILL VALUES(106,'Skill 5',1)
INSERT INTO SKILL VALUES(142,'Skill 41',1)
INSERT INTO SKILL VALUES(137,'Skill 36',1)
INSERT INTO SKILL VALUES(118,'Skill 17',1)
INSERT INTO SKILL VALUES(131,'Skill 30',1)
INSERT INTO SKILL VALUES(126,'Skill 25',1)
INSERT INTO SKILL VALUES(115,'Skill 14',1)
INSERT INTO SKILL VALUES(128,'Skill 27',1)
INSERT INTO SKILL VALUES(111,'Skill 10',1)
INSERT INTO SKILL VALUES(112,'Skill 11',1)
INSERT INTO SKILL VALUES(108,'Skill 7',1)
INSERT INTO SKILL VALUES(146,'Skill 45',1)
INSERT INTO SKILL VALUES(144,'Skill 43',1)
INSERT INTO SKILL VALUES(101,'Skill 0',1)
INSERT INTO SKILL VALUES(104,'Skill 3',1)
INSERT INTO SKILL VALUES(135,'Skill 34',1)
INSERT INTO SKILL VALUES(119,'Skill 18',1)
INSERT INTO SKILL VALUES(148,'Skill 47',1)
INSERT INTO SKILL VALUES(143,'Skill 42',1)
INSERT INTO SKILL VALUES(109,'Skill 8',1)
INSERT INTO SKILL VALUES(117,'Skill 16',1)
INSERT INTO SKILL VALUES(147,'Skill 46',1)
INSERT INTO SKILL VALUES(120,'Skill 19',1)
INSERT INTO SKILL VALUES(127,'Skill 26',1)
COMMIT
DELETE FROM SKILL WHERE ID=101
DELETE FROM SKILL WHERE ID=102
DELETE FROM SKILL WHERE ID=103
DELETE FROM SKILL WHERE ID=104
DELETE FROM SKILL WHERE ID=105
DELETE FROM SKILL WHERE ID=106
DELETE FROM SKILL WHERE ID=107
DELETE FROM SKILL WHERE ID=108
DELETE FROM SKILL WHERE ID=109
DELETE FROM SKILL WHERE ID=110
DELETE FROM SKILL WHERE ID=111
DELETE FROM SKILL WHERE ID=112
DELETE FROM SKILL WHERE ID=113
DELETE FROM SKILL WHERE ID=114
DELETE FROM SKILL WHERE ID=115
DELETE FROM SKILL WHERE ID=116
DELETE FROM SKILL WHERE ID=117
DELETE FROM SKILL WHERE ID=118
DELETE FROM SKILL WHERE ID=119
DELETE FROM SKILL WHERE ID=120
DELETE FROM SKILL WHERE ID=121
DELETE FROM SKILL WHERE ID=122
DELETE FROM SKILL WHERE ID=123
DELETE FROM SKILL WHERE ID=124
DELETE FROM SKILL WHERE ID=125
DELETE FROM SKILL WHERE ID=126
DELETE FROM SKILL WHERE ID=127
DELETE FROM SKILL WHERE ID=128
DELETE FROM SKILL WHERE ID=129
DELETE FROM SKILL WHERE ID=130
DELETE FROM SKILL WHERE ID=131
DELETE FROM SKILL WHERE ID=132
DELETE FROM SKILL WHERE ID=133
DELETE FROM SKILL WHERE ID=134
DELETE FROM SKILL WHERE ID=135
DELETE FROM SKILL WHERE ID=136
DELETE FROM SKILL WHERE ID=137
DELETE FROM SKILL WHERE ID=138
DELETE FROM SKILL WHERE ID=139
DELETE FROM SKILL WHERE ID=140
DELETE FROM SKILL WHERE ID=141
DELETE FROM SKILL WHERE ID=142
DELETE FROM SKILL WHERE ID=143
DELETE FROM SKILL WHERE ID=144
DELETE FROM SKILL WHERE ID=145
DELETE FROM SKILL WHERE ID=146
DELETE FROM SKILL WHERE ID=147
DELETE FROM SKILL WHERE ID=148
DELETE FROM SKILL WHERE ID=149
DELETE FROM SKILL WHERE ID=150
COMMIT
DELETE FROM SEQUENCE WHERE SEQ_NAME='SEQ_GEN'
INSERT INTO SEQUENCE VALUES('SEQ_GEN',200)
COMMIT
INSERT INTO SKILL VALUES(157,'Skill 6',1)
INSERT INTO SKILL VALUES(183,'Skill 32',1)
INSERT INTO SKILL VALUES(194,'Skill 43',1)
INSERT INTO SKILL VALUES(170,'Skill 19',1)
INSERT INTO SKILL VALUES(160,'Skill 9',1)
INSERT INTO SKILL VALUES(174,'Skill 23',1)
INSERT INTO SKILL VALUES(151,'Skill 0',1)
INSERT INTO SKILL VALUES(172,'Skill 21',1)
INSERT INTO SKILL VALUES(173,'Skill 22',1)
INSERT INTO SKILL VALUES(199,'Skill 48',1)
INSERT INTO SKILL VALUES(200,'Skill 49',1)
INSERT INTO SKILL VALUES(185,'Skill 34',1)
INSERT INTO SKILL VALUES(162,'Skill 11',1)
INSERT INTO SKILL VALUES(171,'Skill 20',1)
INSERT INTO SKILL VALUES(182,'Skill 31',1)
INSERT INTO SKILL VALUES(175,'Skill 24',1)
INSERT INTO SKILL VALUES(188,'Skill 37',1)
INSERT INTO SKILL VALUES(154,'Skill 3',1)
INSERT INTO SKILL VALUES(168,'Skill 17',1)
INSERT INTO SKILL VALUES(158,'Skill 7',1)
INSERT INTO SKILL VALUES(179,'Skill 28',1)
INSERT INTO SKILL VALUES(164,'Skill 13',1)
INSERT INTO SKILL VALUES(195,'Skill 44',1)
INSERT INTO SKILL VALUES(198,'Skill 47',1)
INSERT INTO SKILL VALUES(177,'Skill 26',1)
INSERT INTO SKILL VALUES(192,'Skill 41',1)
INSERT INTO SKILL VALUES(178,'Skill 27',1)
INSERT INTO SKILL VALUES(167,'Skill 16',1)
INSERT INTO SKILL VALUES(166,'Skill 15',1)
INSERT INTO SKILL VALUES(153,'Skill 2',1)
INSERT INTO SKILL VALUES(169,'Skill 18',1)
INSERT INTO SKILL VALUES(181,'Skill 30',1)
INSERT INTO SKILL VALUES(163,'Skill 12',1)
INSERT INTO SKILL VALUES(193,'Skill 42',1)
INSERT INTO SKILL VALUES(176,'Skill 25',1)
INSERT INTO SKILL VALUES(159,'Skill 8',1)
INSERT INTO SKILL VALUES(186,'Skill 35',1)
INSERT INTO SKILL VALUES(187,'Skill 36',1)
INSERT INTO SKILL VALUES(197,'Skill 46',1)
INSERT INTO SKILL VALUES(180,'Skill 29',1)
INSERT INTO SKILL VALUES(155,'Skill 4',1)
INSERT INTO SKILL VALUES(190,'Skill 39',1)
INSERT INTO SKILL VALUES(161,'Skill 10',1)
INSERT INTO SKILL VALUES(191,'Skill 40',1)
INSERT INTO SKILL VALUES(189,'Skill 38',1)
INSERT INTO SKILL VALUES(152,'Skill 1',1)
INSERT INTO SKILL VALUES(165,'Skill 14',1)
INSERT INTO SKILL VALUES(156,'Skill 5',1)
INSERT INTO SKILL VALUES(196,'Skill 45',1)
INSERT INTO SKILL VALUES(184,'Skill 33',1)
COMMIT
DELETE FROM SKILL WHERE ID=151
INSERT INTO SKILL VALUES(151,'foo2)',2)
COMMIT
DELETE FROM SEQUENCE WHERE SEQ_NAME='SEQ_GEN'
INSERT INTO SEQUENCE VALUES('SEQ_GEN',250)
COMMIT
INSERT INTO PERSON VALUES(220,NULL,'firstName19','lastName19',FALSE,0.0E0,1,NULL,NULL,NULL,NULL)
INSERT INTO PERSON VALUES(219,NULL,'firstName18','lastName18',FALSE,0.0E0,1,NULL,NULL,NULL,NULL)
INSERT INTO PERSON VALUES(211,NULL,'firstName10','lastName10',FALSE,0.0E0,1,NULL,NULL,NULL,NULL)
INSERT INTO PERSON VALUES(204,NULL,'firstName3','lastName3',FALSE,0.0E0,1,NULL,NULL,NULL,NULL)
INSERT INTO PERSON VALUES(208,NULL,'firstName7','lastName7',FALSE,0.0E0,1,NULL,NULL,NULL,NULL)
INSERT INTO PERSON VALUES(214,NULL,'firstName13','lastName13',FALSE,0.0E0,1,NULL,NULL,NULL,NULL)
INSERT INTO PERSON VALUES(207,NULL,'firstName6','lastName6',FALSE,0.0E0,1,NULL,NULL,NULL,NULL)
INSERT INTO PERSON VALUES(216,NULL,'firstName15','lastName15',FALSE,0.0E0,1,NULL,NULL,NULL,NULL)
INSERT INTO PERSON VALUES(213,NULL,'firstName12','lastName12',FALSE,0.0E0,1,NULL,NULL,NULL,NULL)
INSERT INTO PERSON VALUES(215,NULL,'firstName14','lastName14',FALSE,0.0E0,1,NULL,NULL,NULL,NULL)
INSERT INTO PERSON VALUES(205,NULL,'firstName4','lastName4',FALSE,0.0E0,1,NULL,NULL,NULL,NULL)
INSERT INTO PERSON VALUES(202,NULL,'firstName1','lastName1',FALSE,0.0E0,1,NULL,NULL,NULL,NULL)
INSERT INTO PERSON VALUES(209,NULL,'firstName8','lastName8',FALSE,0.0E0,1,NULL,NULL,NULL,NULL)
INSERT INTO PERSON VALUES(210,NULL,'firstName9','lastName9',FALSE,0.0E0,1,NULL,NULL,NULL,NULL)
INSERT INTO PERSON VALUES(201,NULL,'firstName0','lastName0',FALSE,0.0E0,1,NULL,NULL,NULL,NULL)
INSERT INTO PERSON VALUES(203,NULL,'firstName2','lastName2',FALSE,0.0E0,1,NULL,NULL,NULL,NULL)
INSERT INTO PERSON VALUES(218,NULL,'firstName17','lastName17',FALSE,0.0E0,1,NULL,NULL,NULL,NULL)
INSERT INTO PERSON VALUES(212,NULL,'firstName11','lastName11',FALSE,0.0E0,1,NULL,NULL,NULL,NULL)
INSERT INTO PERSON VALUES(206,NULL,'firstName5','lastName5',FALSE,0.0E0,1,NULL,NULL,NULL,NULL)
INSERT INTO PERSON VALUES(217,NULL,'firstName16','lastName16',FALSE,0.0E0,1,NULL,NULL,NULL,NULL)
COMMIT
DELETE FROM PERSON WHERE ID=201
DELETE FROM PERSON WHERE ID=202
DELETE FROM PERSON WHERE ID=203
DELETE FROM PERSON WHERE ID=204
DELETE FROM PERSON WHERE ID=205
DELETE FROM PERSON WHERE ID=206
DELETE FROM PERSON WHERE ID=207
DELETE FROM PERSON WHERE ID=208
DELETE FROM PERSON WHERE ID=209
DELETE FROM PERSON WHERE ID=210
DELETE FROM PERSON WHERE ID=211
DELETE FROM PERSON WHERE ID=212
DELETE FROM PERSON WHERE ID=213
DELETE FROM PERSON WHERE ID=214
DELETE FROM PERSON WHERE ID=215
DELETE FROM PERSON WHERE ID=216
DELETE FROM PERSON WHERE ID=217
DELETE FROM PERSON WHERE ID=218
DELETE FROM PERSON WHERE ID=219
DELETE FROM PERSON WHERE ID=220
COMMIT
INSERT INTO PERSON VALUES(239,NULL,'firstName18','lastName18',FALSE,0.0E0,1,NULL,NULL,NULL,NULL)
INSERT INTO PERSON VALUES(237,NULL,'firstName16','lastName16',FALSE,0.0E0,1,NULL,NULL,NULL,NULL)
INSERT INTO PERSON VALUES(233,NULL,'firstName12','lastName12',FALSE,0.0E0,1,NULL,NULL,NULL,NULL)
INSERT INTO PERSON VALUES(227,NULL,'firstName6','lastName6',FALSE,0.0E0,1,NULL,NULL,NULL,NULL)
INSERT INTO PERSON VALUES(226,NULL,'firstName5','lastName5',FALSE,0.0E0,1,NULL,NULL,NULL,NULL)
INSERT INTO PERSON VALUES(223,NULL,'firstName2','lastName2',FALSE,0.0E0,1,NULL,NULL,NULL,NULL)
INSERT INTO PERSON VALUES(235,NULL,'firstName14','lastName14',FALSE,0.0E0,1,NULL,NULL,NULL,NULL)
INSERT INTO PERSON VALUES(225,NULL,'firstName4','lastName4',FALSE,0.0E0,1,NULL,NULL,NULL,NULL)
INSERT INTO PERSON VALUES(232,NULL,'firstName11','lastName11',FALSE,0.0E0,1,NULL,NULL,NULL,NULL)
INSERT INTO PERSON VALUES(230,NULL,'firstName9','lastName9',FALSE,0.0E0,1,NULL,NULL,NULL,NULL)
INSERT INTO PERSON VALUES(234,NULL,'firstName13','lastName13',FALSE,0.0E0,1,NULL,NULL,NULL,NULL)
INSERT INTO PERSON VALUES(231,NULL,'firstName10','lastName10',FALSE,0.0E0,1,NULL,NULL,NULL,NULL)
INSERT INTO PERSON VALUES(221,NULL,'firstName0','lastName0',FALSE,0.0E0,1,NULL,NULL,NULL,NULL)
INSERT INTO PERSON VALUES(238,NULL,'firstName17','lastName17',FALSE,0.0E0,1,NULL,NULL,NULL,NULL)
INSERT INTO PERSON VALUES(222,NULL,'firstName1','lastName1',FALSE,0.0E0,1,NULL,NULL,NULL,NULL)
INSERT INTO PERSON VALUES(240,NULL,'firstName19','lastName19',FALSE,0.0E0,1,NULL,NULL,NULL,NULL)
INSERT INTO PERSON VALUES(228,NULL,'firstName7','lastName7',FALSE,0.0E0,1,NULL,NULL,NULL,NULL)
INSERT INTO PERSON VALUES(236,NULL,'firstName15','lastName15',FALSE,0.0E0,1,NULL,NULL,NULL,NULL)
INSERT INTO PERSON VALUES(229,NULL,'firstName8','lastName8',FALSE,0.0E0,1,NULL,NULL,NULL,NULL)
INSERT INTO PERSON VALUES(224,NULL,'firstName3','lastName3',FALSE,0.0E0,1,NULL,NULL,NULL,NULL)
COMMIT
DELETE FROM PERSON WHERE ID=221
DELETE FROM PERSON WHERE ID=222
DELETE FROM PERSON WHERE ID=223
DELETE FROM PERSON WHERE ID=224
DELETE FROM PERSON WHERE ID=225
DELETE FROM PERSON WHERE ID=226
DELETE FROM PERSON WHERE ID=227
DELETE FROM PERSON WHERE ID=228
DELETE FROM PERSON WHERE ID=229
DELETE FROM PERSON WHERE ID=230
DELETE FROM PERSON WHERE ID=231
DELETE FROM PERSON WHERE ID=232
DELETE FROM PERSON WHERE ID=233
DELETE FROM PERSON WHERE ID=234
DELETE FROM PERSON WHERE ID=235
DELETE FROM PERSON WHERE ID=236
DELETE FROM PERSON WHERE ID=237
DELETE FROM PERSON WHERE ID=238
DELETE FROM PERSON WHERE ID=239
DELETE FROM PERSON WHERE ID=240
COMMIT
DELETE FROM SEQUENCE WHERE SEQ_NAME='SEQ_GEN'
INSERT INTO SEQUENCE VALUES('SEQ_GEN',300)
COMMIT
INSERT INTO PERSON VALUES(259,NULL,'firstName18','lastName18',FALSE,0.0E0,1,NULL,NULL,NULL,NULL)
INSERT INTO PERSON VALUES(257,NULL,'firstName16','lastName16',FALSE,0.0E0,1,NULL,NULL,NULL,NULL)
INSERT INTO PERSON VALUES(250,NULL,'firstName9','lastName9',FALSE,0.0E0,1,NULL,NULL,NULL,NULL)
INSERT INTO PERSON VALUES(249,NULL,'firstName8','lastName8',FALSE,0.0E0,1,NULL,NULL,NULL,NULL)
INSERT INTO PERSON VALUES(252,NULL,'firstName11','lastName11',FALSE,0.0E0,1,NULL,NULL,NULL,NULL)
INSERT INTO PERSON VALUES(254,NULL,'firstName13','lastName13',FALSE,0.0E0,1,NULL,NULL,NULL,NULL)
INSERT INTO PERSON VALUES(248,NULL,'firstName7','lastName7',FALSE,0.0E0,1,NULL,NULL,NULL,NULL)
INSERT INTO PERSON VALUES(247,NULL,'firstName6','lastName6',FALSE,0.0E0,1,NULL,NULL,NULL,NULL)
INSERT INTO PERSON VALUES(243,NULL,'firstName2','lastName2',FALSE,0.0E0,1,NULL,NULL,NULL,NULL)
INSERT INTO PERSON VALUES(251,NULL,'firstName10','lastName10',FALSE,0.0E0,1,NULL,NULL,NULL,NULL)
INSERT INTO PERSON VALUES(245,NULL,'firstName4','lastName4',FALSE,0.0E0,1,NULL,NULL,NULL,NULL)
INSERT INTO PERSON VALUES(256,NULL,'firstName15','lastName15',FALSE,0.0E0,1,NULL,NULL,NULL,NULL)
INSERT INTO PERSON VALUES(244,NULL,'firstName3','lastName3',FALSE,0.0E0,1,NULL,NULL,NULL,NULL)
INSERT INTO PERSON VALUES(242,NULL,'firstName1','lastName1',FALSE,0.0E0,1,NULL,NULL,NULL,NULL)
INSERT INTO PERSON VALUES(241,NULL,'firstName0','lastName0',FALSE,0.0E0,1,NULL,NULL,NULL,NULL)
INSERT INTO PERSON VALUES(253,NULL,'firstName12','lastName12',FALSE,0.0E0,1,NULL,NULL,NULL,NULL)
INSERT INTO PERSON VALUES(258,NULL,'firstName17','lastName17',FALSE,0.0E0,1,NULL,NULL,NULL,NULL)
INSERT INTO PERSON VALUES(260,NULL,'firstName19','lastName19',FALSE,0.0E0,1,NULL,NULL,NULL,NULL)
INSERT INTO PERSON VALUES(255,NULL,'firstName14','lastName14',FALSE,0.0E0,1,NULL,NULL,NULL,NULL)
INSERT INTO PERSON VALUES(246,NULL,'firstName5','lastName5',FALSE,0.0E0,1,NULL,NULL,NULL,NULL)
COMMIT
DELETE FROM PERSON WHERE ID=241
DELETE FROM PERSON WHERE ID=242
DELETE FROM PERSON WHERE ID=243
DELETE FROM PERSON WHERE ID=244
DELETE FROM PERSON WHERE ID=245
DELETE FROM PERSON WHERE ID=246
DELETE FROM PERSON WHERE ID=247
DELETE FROM PERSON WHERE ID=248
DELETE FROM PERSON WHERE ID=249
DELETE FROM PERSON WHERE ID=250
DELETE FROM PERSON WHERE ID=251
DELETE FROM PERSON WHERE ID=252
DELETE FROM PERSON WHERE ID=253
DELETE FROM PERSON WHERE ID=254
DELETE FROM PERSON WHERE ID=255
DELETE FROM PERSON WHERE ID=256
DELETE FROM PERSON WHERE ID=257
DELETE FROM PERSON WHERE ID=258
DELETE FROM PERSON WHERE ID=259
DELETE FROM PERSON WHERE ID=260
COMMIT
INSERT INTO PERSON VALUES(276,NULL,'firstName15','lastName15',FALSE,0.0E0,1,NULL,NULL,NULL,NULL)
INSERT INTO PERSON VALUES(266,NULL,'firstName5','lastName5',FALSE,0.0E0,1,NULL,NULL,NULL,NULL)
INSERT INTO PERSON VALUES(280,NULL,'firstName19','lastName19',FALSE,0.0E0,1,NULL,NULL,NULL,NULL)
INSERT INTO PERSON VALUES(275,NULL,'firstName14','lastName14',FALSE,0.0E0,1,NULL,NULL,NULL,NULL)
INSERT INTO PERSON VALUES(272,NULL,'firstName11','lastName11',FALSE,0.0E0,1,NULL,NULL,NULL,NULL)
INSERT INTO PERSON VALUES(263,NULL,'firstName2','lastName2',FALSE,0.0E0,1,NULL,NULL,NULL,NULL)
INSERT INTO PERSON VALUES(274,NULL,'firstName13','lastName13',FALSE,0.0E0,1,NULL,NULL,NULL,NULL)
INSERT INTO PERSON VALUES(277,NULL,'firstName16','lastName16',FALSE,0.0E0,1,NULL,NULL,NULL,NULL)
INSERT INTO PERSON VALUES(267,NULL,'firstName6','lastName6',FALSE,0.0E0,1,NULL,NULL,NULL,NULL)
INSERT INTO PERSON VALUES(262,NULL,'firstName1','lastName1',FALSE,0.0E0,1,NULL,NULL,NULL,NULL)
INSERT INTO PERSON VALUES(278,NULL,'firstName17','lastName17',FALSE,0.0E0,1,NULL,NULL,NULL,NULL)
INSERT INTO PERSON VALUES(273,NULL,'firstName12','lastName12',FALSE,0.0E0,1,NULL,NULL,NULL,NULL)
INSERT INTO PERSON VALUES(271,NULL,'firstName10','lastName10',FALSE,0.0E0,1,NULL,NULL,NULL,NULL)
INSERT INTO PERSON VALUES(268,NULL,'firstName7','lastName7',FALSE,0.0E0,1,NULL,NULL,NULL,NULL)
INSERT INTO PERSON VALUES(270,NULL,'firstName9','lastName9',FALSE,0.0E0,1,NULL,NULL,NULL,NULL)
INSERT INTO PERSON VALUES(264,NULL,'firstName3','lastName3',FALSE,0.0E0,1,NULL,NULL,NULL,NULL)
INSERT INTO PERSON VALUES(265,NULL,'firstName4','lastName4',FALSE,0.0E0,1,NULL,NULL,NULL,NULL)
INSERT INTO PERSON VALUES(269,NULL,'firstName8','lastName8',FALSE,0.0E0,1,NULL,NULL,NULL,NULL)
INSERT INTO PERSON VALUES(279,NULL,'firstName18','lastName18',FALSE,0.0E0,1,NULL,NULL,NULL,NULL)
INSERT INTO PERSON VALUES(261,NULL,'firstName0','lastName0',FALSE,0.0E0,1,NULL,NULL,NULL,NULL)
COMMIT
DELETE FROM PERSON WHERE ID=261
DELETE FROM PERSON WHERE ID=262
DELETE FROM PERSON WHERE ID=263
DELETE FROM PERSON WHERE ID=264
DELETE FROM PERSON WHERE ID=265
DELETE FROM PERSON WHERE ID=266
DELETE FROM PERSON WHERE ID=267
DELETE FROM PERSON WHERE ID=268
DELETE FROM PERSON WHERE ID=269
DELETE FROM PERSON WHERE ID=270
DELETE FROM PERSON WHERE ID=271
DELETE FROM PERSON WHERE ID=272
DELETE FROM PERSON WHERE ID=273
DELETE FROM PERSON WHERE ID=274
DELETE FROM PERSON WHERE ID=275
DELETE FROM PERSON WHERE ID=276
DELETE FROM PERSON WHERE ID=277
DELETE FROM PERSON WHERE ID=278
DELETE FROM PERSON WHERE ID=279
DELETE FROM PERSON WHERE ID=280
COMMIT
INSERT INTO PERSON VALUES(299,NULL,'firstName18','lastName18',FALSE,0.0E0,1,NULL,NULL,NULL,NULL)
INSERT INTO PERSON VALUES(295,NULL,'firstName14','lastName14',FALSE,0.0E0,1,NULL,NULL,NULL,NULL)
INSERT INTO PERSON VALUES(284,NULL,'firstName3','lastName3',FALSE,0.0E0,1,NULL,NULL,NULL,NULL)
INSERT INTO PERSON VALUES(293,NULL,'firstName12','lastName12',FALSE,0.0E0,1,NULL,NULL,NULL,NULL)
INSERT INTO PERSON VALUES(300,NULL,'firstName19','lastName19',FALSE,0.0E0,1,NULL,NULL,NULL,NULL)
INSERT INTO PERSON VALUES(298,NULL,'firstName17','lastName17',FALSE,0.0E0,1,NULL,NULL,NULL,NULL)
INSERT INTO PERSON VALUES(291,NULL,'firstName10','lastName10',FALSE,0.0E0,1,NULL,NULL,NULL,NULL)
INSERT INTO PERSON VALUES(286,NULL,'firstName5','lastName5',FALSE,0.0E0,1,NULL,NULL,NULL,NULL)
INSERT INTO PERSON VALUES(285,NULL,'firstName4','lastName4',FALSE,0.0E0,1,NULL,NULL,NULL,NULL)
INSERT INTO PERSON VALUES(287,NULL,'firstName6','lastName6',FALSE,0.0E0,1,NULL,NULL,NULL,NULL)
INSERT INTO PERSON VALUES(297,NULL,'firstName16','lastName16',FALSE,0.0E0,1,NULL,NULL,NULL,NULL)
INSERT INTO PERSON VALUES(296,NULL,'firstName15','lastName15',FALSE,0.0E0,1,NULL,NULL,NULL,NULL)
INSERT INTO PERSON VALUES(281,NULL,'firstName0','lastName0',FALSE,0.0E0,1,NULL,NULL,NULL,NULL)
INSERT INTO PERSON VALUES(282,NULL,'firstName1','lastName1',FALSE,0.0E0,1,NULL,NULL,NULL,NULL)
INSERT INTO PERSON VALUES(290,NULL,'firstName9','lastName9',FALSE,0.0E0,1,NULL,NULL,NULL,NULL)
INSERT INTO PERSON VALUES(289,NULL,'firstName8','lastName8',FALSE,0.0E0,1,NULL,NULL,NULL,NULL)
INSERT INTO PERSON VALUES(283,NULL,'firstName2','lastName2',FALSE,0.0E0,1,NULL,NULL,NULL,NULL)
INSERT INTO PERSON VALUES(288,NULL,'firstName7','lastName7',FALSE,0.0E0,1,NULL,NULL,NULL,NULL)
INSERT INTO PERSON VALUES(294,NULL,'firstName13','lastName13',FALSE,0.0E0,1,NULL,NULL,NULL,NULL)
INSERT INTO PERSON VALUES(292,NULL,'firstName11','lastName11',FALSE,0.0E0,1,NULL,NULL,NULL,NULL)
COMMIT
DELETE FROM PERSON WHERE ID=281
DELETE FROM PERSON WHERE ID=282
DELETE FROM PERSON WHERE ID=283
DELETE FROM PERSON WHERE ID=284
DELETE FROM PERSON WHERE ID=285
DELETE FROM PERSON WHERE ID=286
DELETE FROM PERSON WHERE ID=287
DELETE FROM PERSON WHERE ID=288
DELETE FROM PERSON WHERE ID=289
DELETE FROM PERSON WHERE ID=290
DELETE FROM PERSON WHERE ID=291
DELETE FROM PERSON WHERE ID=292
DELETE FROM PERSON WHERE ID=293
DELETE FROM PERSON WHERE ID=294
DELETE FROM PERSON WHERE ID=295
DELETE FROM PERSON WHERE ID=296
DELETE FROM PERSON WHERE ID=297
DELETE FROM PERSON WHERE ID=298
DELETE FROM PERSON WHERE ID=299
DELETE FROM PERSON WHERE ID=300
COMMIT
DELETE FROM SEQUENCE WHERE SEQ_NAME='SEQ_GEN'
INSERT INTO SEQUENCE VALUES('SEQ_GEN',350)
COMMIT
INSERT INTO PERSON VALUES(315,NULL,'firstName14','lastName14',FALSE,0.0E0,1,NULL,NULL,NULL,NULL)
INSERT INTO PERSON VALUES(311,NULL,'firstName10','lastName10',FALSE,0.0E0,1,NULL,NULL,NULL,NULL)
INSERT INTO PERSON VALUES(307,NULL,'firstName6','lastName6',FALSE,0.0E0,1,NULL,NULL,NULL,NULL)
INSERT INTO PERSON VALUES(319,NULL,'firstName18','lastName18',FALSE,0.0E0,1,NULL,NULL,NULL,NULL)
INSERT INTO PERSON VALUES(317,NULL,'firstName16','lastName16',FALSE,0.0E0,1,NULL,NULL,NULL,NULL)
INSERT INTO PERSON VALUES(305,NULL,'firstName4','lastName4',FALSE,0.0E0,1,NULL,NULL,NULL,NULL)
INSERT INTO PERSON VALUES(313,NULL,'firstName12','lastName12',FALSE,0.0E0,1,NULL,NULL,NULL,NULL)
INSERT INTO PERSON VALUES(316,NULL,'firstName15','lastName15',FALSE,0.0E0,1,NULL,NULL,NULL,NULL)
INSERT INTO PERSON VALUES(309,NULL,'firstName8','lastName8',FALSE,0.0E0,1,NULL,NULL,NULL,NULL)
INSERT INTO PERSON VALUES(320,NULL,'firstName19','lastName19',FALSE,0.0E0,1,NULL,NULL,NULL,NULL)
INSERT INTO PERSON VALUES(310,NULL,'firstName9','lastName9',FALSE,0.0E0,1,NULL,NULL,NULL,NULL)
INSERT INTO PERSON VALUES(306,NULL,'firstName5','lastName5',FALSE,0.0E0,1,NULL,NULL,NULL,NULL)
INSERT INTO PERSON VALUES(303,NULL,'firstName2','lastName2',FALSE,0.0E0,1,NULL,NULL,NULL,NULL)
INSERT INTO PERSON VALUES(312,NULL,'firstName11','lastName11',FALSE,0.0E0,1,NULL,NULL,NULL,NULL)
INSERT INTO PERSON VALUES(304,NULL,'firstName3','lastName3',FALSE,0.0E0,1,NULL,NULL,NULL,NULL)
INSERT INTO PERSON VALUES(314,NULL,'firstName13','lastName13',FALSE,0.0E0,1,NULL,NULL,NULL,NULL)
INSERT INTO PERSON VALUES(308,NULL,'firstName7','lastName7',FALSE,0.0E0,1,NULL,NULL,NULL,NULL)
INSERT INTO PERSON VALUES(318,NULL,'firstName17','lastName17',FALSE,0.0E0,1,NULL,NULL,NULL,NULL)
INSERT INTO PERSON VALUES(301,NULL,'firstName0','lastName0',FALSE,0.0E0,1,NULL,NULL,NULL,NULL)
INSERT INTO PERSON VALUES(302,NULL,'firstName1','lastName1',FALSE,0.0E0,1,NULL,NULL,NULL,NULL)
COMMIT
DELETE FROM PERSON WHERE ID=301
DELETE FROM PERSON WHERE ID=302
DELETE FROM PERSON WHERE ID=303
DELETE FROM PERSON WHERE ID=304
DELETE FROM PERSON WHERE ID=305
DELETE FROM PERSON WHERE ID=306
DELETE FROM PERSON WHERE ID=307
DELETE FROM PERSON WHERE ID=308
DELETE FROM PERSON WHERE ID=309
DELETE FROM PERSON WHERE ID=310
DELETE FROM PERSON WHERE ID=311
DELETE FROM PERSON WHERE ID=312
DELETE FROM PERSON WHERE ID=313
DELETE FROM PERSON WHERE ID=314
DELETE FROM PERSON WHERE ID=315
DELETE FROM PERSON WHERE ID=316
DELETE FROM PERSON WHERE ID=317
DELETE FROM PERSON WHERE ID=318
DELETE FROM PERSON WHERE ID=319
DELETE FROM PERSON WHERE ID=320
COMMIT
INSERT INTO PERSON VALUES(340,NULL,'firstName19','lastName19',FALSE,0.0E0,1,NULL,NULL,NULL,NULL)
INSERT INTO PERSON VALUES(324,NULL,'firstName3','lastName3',FALSE,0.0E0,1,NULL,NULL,NULL,NULL)
INSERT INTO PERSON VALUES(326,NULL,'firstName5','lastName5',FALSE,0.0E0,1,NULL,NULL,NULL,NULL)
INSERT INTO PERSON VALUES(332,NULL,'firstName11','lastName11',FALSE,0.0E0,1,NULL,NULL,NULL,NULL)
INSERT INTO PERSON VALUES(337,NULL,'firstName16','lastName16',FALSE,0.0E0,1,NULL,NULL,NULL,NULL)
INSERT INTO PERSON VALUES(338,NULL,'firstName17','lastName17',FALSE,0.0E0,1,NULL,NULL,NULL,NULL)
INSERT INTO PERSON VALUES(322,NULL,'firstName1','lastName1',FALSE,0.0E0,1,NULL,NULL,NULL,NULL)
INSERT INTO PERSON VALUES(335,NULL,'firstName14','lastName14',FALSE,0.0E0,1,NULL,NULL,NULL,NULL)
INSERT INTO PERSON VALUES(329,NULL,'firstName8','lastName8',FALSE,0.0E0,1,NULL,NULL,NULL,NULL)
INSERT INTO PERSON VALUES(321,NULL,'firstName0','lastName0',FALSE,0.0E0,1,NULL,NULL,NULL,NULL)
INSERT INTO PERSON VALUES(328,NULL,'firstName7','lastName7',FALSE,0.0E0,1,NULL,NULL,NULL,NULL)
INSERT INTO PERSON VALUES(323,NULL,'firstName2','lastName2',FALSE,0.0E0,1,NULL,NULL,NULL,NULL)
INSERT INTO PERSON VALUES(330,NULL,'firstName9','lastName9',FALSE,0.0E0,1,NULL,NULL,NULL,NULL)
INSERT INTO PERSON VALUES(334,NULL,'firstName13','lastName13',FALSE,0.0E0,1,NULL,NULL,NULL,NULL)
INSERT INTO PERSON VALUES(325,NULL,'firstName4','lastName4',FALSE,0.0E0,1,NULL,NULL,NULL,NULL)
INSERT INTO PERSON VALUES(336,NULL,'firstName15','lastName15',FALSE,0.0E0,1,NULL,NULL,NULL,NULL)
INSERT INTO PERSON VALUES(331,NULL,'firstName10','lastName10',FALSE,0.0E0,1,NULL,NULL,NULL,NULL)
INSERT INTO PERSON VALUES(339,NULL,'firstName18','lastName18',FALSE,0.0E0,1,NULL,NULL,NULL,NULL)
INSERT INTO PERSON VALUES(333,NULL,'firstName12','lastName12',FALSE,0.0E0,1,NULL,NULL,NULL,NULL)
INSERT INTO PERSON VALUES(327,NULL,'firstName6','lastName6',FALSE,0.0E0,1,NULL,NULL,NULL,NULL)
COMMIT
DELETE FROM PERSON WHERE ID=321
DELETE FROM PERSON WHERE ID=322
DELETE FROM PERSON WHERE ID=323
DELETE FROM PERSON WHERE ID=324
DELETE FROM PERSON WHERE ID=325
DELETE FROM PERSON WHERE ID=326
DELETE FROM PERSON WHERE ID=327
DELETE FROM PERSON WHERE ID=328
DELETE FROM PERSON WHERE ID=329
DELETE FROM PERSON WHERE ID=330
DELETE FROM PERSON WHERE ID=331
DELETE FROM PERSON WHERE ID=332
DELETE FROM PERSON WHERE ID=333
DELETE FROM PERSON WHERE ID=334
DELETE FROM PERSON WHERE ID=335
DELETE FROM PERSON WHERE ID=336
DELETE FROM PERSON WHERE ID=337
DELETE FROM PERSON WHERE ID=338
DELETE FROM PERSON WHERE ID=339
DELETE FROM PERSON WHERE ID=340
COMMIT
DELETE FROM SEQUENCE WHERE SEQ_NAME='SEQ_GEN'
INSERT INTO SEQUENCE VALUES('SEQ_GEN',400)
COMMIT
INSERT INTO PERSON VALUES(359,NULL,'firstName18','lastName18',FALSE,0.0E0,1,NULL,NULL,NULL,NULL)
INSERT INTO PERSON VALUES(349,NULL,'firstName8','lastName8',FALSE,0.0E0,1,NULL,NULL,NULL,NULL)
INSERT INTO PERSON VALUES(352,NULL,'firstName11','lastName11',FALSE,0.0E0,1,NULL,NULL,NULL,NULL)
INSERT INTO PERSON VALUES(350,NULL,'firstName9','lastName9',FALSE,0.0E0,1,NULL,NULL,NULL,NULL)
INSERT INTO PERSON VALUES(342,NULL,'firstName1','lastName1',FALSE,0.0E0,1,NULL,NULL,NULL,NULL)
INSERT INTO PERSON VALUES(348,NULL,'firstName7','lastName7',FALSE,0.0E0,1,NULL,NULL,NULL,NULL)
INSERT INTO PERSON VALUES(345,NULL,'firstName4','lastName4',FALSE,0.0E0,1,NULL,NULL,NULL,NULL)
INSERT INTO PERSON VALUES(344,NULL,'firstName3','lastName3',FALSE,0.0E0,1,NULL,NULL,NULL,NULL)
INSERT INTO PERSON VALUES(357,NULL,'firstName16','lastName16',FALSE,0.0E0,1,NULL,NULL,NULL,NULL)
INSERT INTO PERSON VALUES(343,NULL,'firstName2','lastName2',FALSE,0.0E0,1,NULL,NULL,NULL,NULL)
INSERT INTO PERSON VALUES(355,NULL,'firstName14','lastName14',FALSE,0.0E0,1,NULL,NULL,NULL,NULL)
INSERT INTO PERSON VALUES(360,NULL,'firstName19','lastName19',FALSE,0.0E0,1,NULL,NULL,NULL,NULL)
INSERT INTO PERSON VALUES(347,NULL,'firstName6','lastName6',FALSE,0.0E0,1,NULL,NULL,NULL,NULL)
INSERT INTO PERSON VALUES(356,NULL,'firstName15','lastName15',FALSE,0.0E0,1,NULL,NULL,NULL,NULL)
INSERT INTO PERSON VALUES(358,NULL,'firstName17','lastName17',FALSE,0.0E0,1,NULL,NULL,NULL,NULL)
INSERT INTO PERSON VALUES(346,NULL,'firstName5','lastName5',FALSE,0.0E0,1,NULL,NULL,NULL,NULL)
INSERT INTO PERSON VALUES(351,NULL,'firstName10','lastName10',FALSE,0.0E0,1,NULL,NULL,NULL,NULL)
INSERT INTO PERSON VALUES(354,NULL,'firstName13','lastName13',FALSE,0.0E0,1,NULL,NULL,NULL,NULL)
INSERT INTO PERSON VALUES(341,NULL,'firstName0','lastName0',FALSE,0.0E0,1,NULL,NULL,NULL,NULL)
INSERT INTO PERSON VALUES(353,NULL,'firstName12','lastName12',FALSE,0.0E0,1,NULL,NULL,NULL,NULL)
COMMIT
